Script started on Sat Aug 25 23:08:32 2018
   : Loading /src/plan.sh
   docker-habitat: Plan loaded
   docker-habitat: Validating plan metadata
   docker-habitat: Using HAB_BIN=/hab/pkgs/core/hab/0.59.0/20180712155441/bin/hab for installs, signing, and hashing
   docker-habitat: hab-plan-build setup
   docker-habitat: Writing pre_build file
   docker-habitat: Resolving build dependencies
   docker-habitat: Resolving run dependencies
[1;33mÂ» Installing qago/hab-shell[0m
[1;32mâ˜ Determining[0m latest version of qago/hab-shell in the 'stable' channel
[1;32mâ†’ Using[0m qago/hab-shell/1.0/20180823181732
[1;34mâ˜… Install of qago/hab-shell/1.0/20180823181732 complete with 0 new packages installed.[0m
   docker-habitat: Resolved dependency 'qago/hab-shell' to /hab/pkgs/qago/hab-shell/1.0/20180823181732
[1;33mÂ» Installing core/docker[0m
[1;32mâ˜ Determining[0m latest version of core/docker in the 'stable' channel
[1;32mâ†’ Using[0m core/docker/18.03.0/20180608150948
[1;34mâ˜… Install of core/docker/18.03.0/20180608150948 complete with 0 new packages installed.[0m
   docker-habitat: Resolved dependency 'core/docker' to /hab/pkgs/core/docker/18.03.0/20180608150948
[1;33mÂ» Installing core/docker-compose[0m
[1;32mâ˜ Determining[0m latest version of core/docker-compose in the 'stable' channel
[1;32mâ†’ Using[0m core/docker-compose/1.21.0/20180718153539
[1;34mâ˜… Install of core/docker-compose/1.21.0/20180718153539 complete with 0 new packages installed.[0m
   docker-habitat: Resolved dependency 'core/docker-compose' to /hab/pkgs/core/docker-compose/1.21.0/20180718153539
[1;33mÂ» Installing core/tar[0m
[1;32mâ˜ Determining[0m latest version of core/tar in the 'stable' channel
[1;32mâ†’ Using[0m core/tar/1.30/20180608093304
[1;34mâ˜… Install of core/tar/1.30/20180608093304 complete with 0 new packages installed.[0m
   docker-habitat: Resolved dependency 'core/tar' to /hab/pkgs/core/tar/1.30/20180608093304
[1;33mÂ» Installing core/gzip[0m
[1;32mâ˜ Determining[0m latest version of core/gzip in the 'stable' channel
[1;32mâ†’ Using[0m core/gzip/1.9/20180608100716
[1;34mâ˜… Install of core/gzip/1.9/20180608100716 complete with 0 new packages installed.[0m
   docker-habitat: Resolved dependency 'core/gzip' to /hab/pkgs/core/gzip/1.9/20180608100716
[1;33mÂ» Installing core/git[0m
[1;32mâ˜ Determining[0m latest version of core/git in the 'stable' channel
[1;32mâ˜› Verifying[0m core/git/2.18.0/20180806174821
[1;32mâ†’ Using[0m core/acl/2.2.52/20180608091922
[1;32mâ†’ Using[0m core/attr/2.4.47/20180608091914
[1;32mâ†’ Using[0m core/bzip2/1.0.6/20180608091727
[1;32mâ†’ Using[0m core/cacerts/2018.03.07/20180608102212
[1;32mâ†’ Using[0m core/coreutils/8.29/20180608092141
[1;32mâ˜› Verifying[0m core/curl/7.54.1/20180608142121
[1;32mâ˜› Verifying[0m core/db/5.3.28/20180608094030
[1;32mâ†’ Using[0m core/expat/2.2.5/20180608094017
[1;32mâ†’ Using[0m core/gcc-libs/7.3.0/20180608091701
[1;32mâ†’ Using[0m core/gdbm/1.14.1/20180608094002
[1;32mâ˜› Verifying[0m core/gettext/0.19.8/20180608100147
[1;32mâ†’ Using[0m core/glibc/2.27/20180608041157
[1;32mâ†’ Using[0m core/gmp/6.1.2/20180608051426
[1;32mâ†’ Using[0m core/less/530/20180608094202
[1;32mâ†’ Using[0m core/libcap/2.25/20180608091936
[1;32mâ†’ Using[0m core/linux-headers/4.15.9/20180608041107
[1;32mâ†’ Using[0m core/ncurses/6.1/20180608091810
[1;32mâ˜› Verifying[0m core/nghttp2/1.31.0/20180608142107
[1;32mâ˜› Verifying[0m core/openssh/7.5p1/20180608142228
[1;32mâ†’ Using[0m core/openssl/1.0.2n/20180608102213
[1;32mâ†’ Using[0m core/pcre/8.41/20180608092740
[1;32mâ˜› Verifying[0m core/perl/5.26.1/20180608094208
[1;32mâ˜› Verifying[0m core/xz/5.2.3/20180608100110
[1;32mâ†’ Using[0m core/zlib/1.2.11/20180608050617
[1;32mâœ“ Installed[0m core/curl/7.54.1/20180608142121
[1;32mâœ“ Installed[0m core/db/5.3.28/20180608094030
[1;32mâœ“ Installed[0m core/gettext/0.19.8/20180608100147
[1;32mâœ“ Installed[0m core/nghttp2/1.31.0/20180608142107
[1;32mâœ“ Installed[0m core/openssh/7.5p1/20180608142228
[1;32mâœ“ Installed[0m core/perl/5.26.1/20180608094208
[1;32mâœ“ Installed[0m core/xz/5.2.3/20180608100110
[1;32mâœ“ Installed[0m core/git/2.18.0/20180806174821
[1;34mâ˜… Install of core/git/2.18.0/20180806174821 complete with 8 new packages installed.[0m
   docker-habitat: Resolved dependency 'core/git' to /hab/pkgs/core/git/2.18.0/20180806174821
   docker-habitat: Setting up environment
   docker-habitat: Populating runtime environment from dependencies
   docker-habitat: Populating buildtime environment from dependencies
   docker-habitat: Layering runtime environment on top of system environment
   docker-habitat: Layering buildtime environment on top of system environment
   docker-habitat: Setting PATH=/hab/pkgs/qago/hab-shell/1.0/20180823181732/bin:/hab/pkgs/core/docker/18.03.0/20180608150948/bin:/hab/pkgs/core/docker-compose/1.21.0/20180718153539/bin:/hab/pkgs/core/tar/1.30/20180608093304/bin:/hab/pkgs/core/gzip/1.9/20180608100716/bin:/hab/pkgs/core/git/2.18.0/20180806174821/bin:/hab/pkgs/core/acl/2.2.52/20180608091922/bin:/hab/pkgs/core/attr/2.4.47/20180608091914/bin:/hab/pkgs/core/bash/4.4.19/20180608092913/bin:/hab/pkgs/core/coreutils/8.29/20180608092141/bin:/hab/pkgs/core/gawk/4.2.0/20180608093856/bin:/hab/pkgs/core/glibc/2.27/20180608041157/bin:/hab/pkgs/core/grep/3.1/20180608092809/bin:/hab/pkgs/core/hab/0.61.0/20180815171844/bin:/hab/pkgs/core/libcap/2.25/20180608091936/bin:/hab/pkgs/core/ncurses/6.1/20180608091810/bin:/hab/pkgs/core/pcre/8.41/20180608092740/bin:/hab/pkgs/core/sed/4.4/20180608091938/bin:/hab/pkgs/core/sudo/1.8.18p1/20180609192018/bin:/hab/pkgs/core/sudo/1.8.18p1/20180609192018/sbin:/hab/pkgs/core/vim/8.0.1542/20180608104326/bin:/hab/pkgs/core/binutils/2.30/20180608050633/bin:/hab/pkgs/core/bzip2/1.0.6/20180608091727/bin:/hab/pkgs/core/expat/2.2.5/20180608094017/bin:/hab/pkgs/core/gdbm/1.14.1/20180608094002/bin:/hab/pkgs/core/libtool/2.4.6/20180608093951/bin:/hab/pkgs/core/openssl/1.0.2n/20180608102213/bin:/hab/pkgs/core/python/3.7.0/20180718152937/bin:/hab/pkgs/core/sqlite/3130000/20180608141313/bin:/hab/pkgs/core/less/530/20180608094202/bin:/hab/pkgs/core/curl/7.54.1/20180608142121/bin:/hab/pkgs/core/db/5.3.28/20180608094030/bin:/hab/pkgs/core/gettext/0.19.8/20180608100147/bin:/hab/pkgs/core/openssh/7.5p1/20180608142228/bin:/hab/pkgs/core/openssh/7.5p1/20180608142228/sbin:/hab/pkgs/core/openssh/7.5p1/20180608142228/libexec:/hab/pkgs/core/perl/5.26.1/20180608094208/bin:/hab/pkgs/core/xz/5.2.3/20180608100110/bin:/hab/pkgs/core/hab-plan-build/0.59.0/20180712161429/bin:/hab/pkgs/core/bash/4.3.42/20170513213519/bin:/hab/pkgs/core/binutils/2.25.1/20170513201927/bin:/hab/pkgs/core/bzip2/1.0.6/20170513212938/bin:/hab/pkgs/core/coreutils/8.25/20170513213226/bin:/hab/pkgs/core/file/5.24/20170513201915/bin:/hab/pkgs/core/findutils/4.4.2/20170513214305/bin:/hab/pkgs/core/gawk/4.1.3/20170513213646/bin:/hab/pkgs/core/grep/2.22/20170513213444/bin:/hab/pkgs/core/gzip/1.6/20170513214605/bin:/hab/pkgs/core/hab/0.59.0/20180712155441/bin:/hab/pkgs/core/rq/0.9.2/20170612005822/bin:/hab/pkgs/core/sed/4.2.2/20170513213123/bin:/hab/pkgs/core/tar/1.29/20170513213607/bin:/hab/pkgs/core/unzip/6.0/20180310001951/bin:/hab/pkgs/core/wget/1.19.1/20171024102323/bin:/hab/pkgs/core/xz/5.2.2/20170513214327/bin:/hab/pkgs/core/glibc/2.22/20170513201042/bin:/hab/pkgs/core/ncurses/6.0/20170513213009/bin:/hab/pkgs/core/acl/2.2.52/20170513213108/bin:/hab/pkgs/core/attr/2.4.47/20170513213059/bin:/hab/pkgs/core/libcap/2.24/20170513213120/bin:/hab/pkgs/core/pcre/8.38/20170513213423/bin:/hab/pkgs/core/less/481/20170513213936/bin:/hab/pkgs/core/libidn/1.32/20170513215043/bin:/hab/pkgs/core/openssl/1.0.2l/20171014213633/bin
   docker-habitat: Clean the cache
   docker-habitat: Setting build environment
mkdir: created directory '/hab/cache/src/docker-habitat-1.0.2'
   docker-habitat: Setting PREFIX=/hab/pkgs/hab-shell/docker-habitat/1.0.2/20180825230832
   docker-habitat: Setting LD_RUN_PATH=/hab/pkgs/core/git/2.18.0/20180806174821/lib
   docker-habitat: Setting CFLAGS=
   docker-habitat: Setting CXXFLAGS=
   docker-habitat: Setting CPPFLAGS=
   docker-habitat: Setting LDFLAGS=-L/hab/pkgs/core/git/2.18.0/20180806174821/lib
   docker-habitat: Setting PKG_CONFIG_PATH=
   docker-habitat: Preparing to build
   docker-habitat: Building
   docker-habitat: Installing
mkdir: created directory '/hab/pkgs/hab-shell/docker-habitat/1.0.2'
mkdir: created directory '/hab/pkgs/hab-shell/docker-habitat/1.0.2/20180825230832'
   docker-habitat: Writing configuration
   docker-habitat: Writing service management scripts
   docker-habitat: Stripping unneeded symbols from binaries and libraries
   docker-habitat: Building package metadata
   docker-habitat: Generating blake2b hashes of all files in the package
   docker-habitat: Generating signed metadata FILES
[1;33mÂ» Signing docker-habitat_blake2bsums[0m
[1;36mâ˜› Signing[0m docker-habitat_blake2bsums with hab-shell-20180516112716 to create /hab/pkgs/hab-shell/docker-habitat/1.0.2/20180825230832/FILES
[1;34mâ˜… Signed artifact /hab/pkgs/hab-shell/docker-habitat/1.0.2/20180825230832/FILES.[0m
   docker-habitat: Creating manifest
   docker-habitat: Generating package artifact
/hab/pkgs/core/tar/1.29/20170513213607/bin/tar: Removing leading `/' from member names
/hab/cache/artifacts/.hab-shell-docker-habitat-1.0.2-20180825230832-x86_64-linux.tar (1/1)
  100 %           2200 B / 20.0 KiB = 0.107                                    
[1;33mÂ» Signing /hab/cache/artifacts/.hab-shell-docker-habitat-1.0.2-20180825230832-x86_64-linux.tar.xz[0m
[1;36mâ˜› Signing[0m /hab/cache/artifacts/.hab-shell-docker-habitat-1.0.2-20180825230832-x86_64-linux.tar.xz with hab-shell-20180516112716 to create /hab/cache/artifacts/hab-shell-docker-habitat-1.0.2-20180825230832-x86_64-linux.hart
[1;34mâ˜… Signed artifact /hab/cache/artifacts/hab-shell-docker-habitat-1.0.2-20180825230832-x86_64-linux.hart.[0m
'/hab/cache/artifacts/hab-shell-docker-habitat-1.0.2-20180825230832-x86_64-linux.hart' -> '/src/results/hab-shell-docker-habitat-1.0.2-20180825230832-x86_64-linux.hart'
   docker-habitat: hab-plan-build cleanup
   docker-habitat: 
   docker-habitat: Source Path: /src
   docker-habitat: Installed Path: /hab/pkgs/hab-shell/docker-habitat/1.0.2/20180825230832
   docker-habitat: Artifact: /src/results/hab-shell-docker-habitat-1.0.2-20180825230832-x86_64-linux.hart
   docker-habitat: Build Report: /src/results/last_build.env
   docker-habitat: SHA256 Checksum: 4b413c89861427772f994033d94df33f743b9cb8003bc2877aee0de2bda66b67
   docker-habitat: Blake2b Checksum: ec539cee05f698e266cdb6029a5cbf1ec71fbd14298a828f48fc027bc5cd1726
   docker-habitat: 
   docker-habitat: I love it when a plan.sh comes together.
   docker-habitat: 
   docker-habitat: Build time: 0m10s

Script done on Sat Aug 25 23:08:42 2018
